# JRE version: 7.0_11-b21
# Java VM: Java HotSpot(TM) 64-Bit Server VM (23.6-b04 mixed mode windows-amd64 compressed oops)
Heap
 PSYoungGen      total 82688K, used 38185K [0x00000000fa000000, 0x0000000100000000, 0x0000000100000000)
  eden space 67776K, 40% used [0x00000000fa000000,0x00000000fbb205d0,0x00000000fe230000)
  from space 14912K, 69% used [0x00000000ff0d0000,0x00000000ffafa000,0x00000000fff60000)
  to   space 14976K, 0% used [0x00000000fe230000,0x00000000fe230000,0x00000000ff0d0000)
 ParOldGen       total 54720K, used 44023K [0x00000000e8000000, 0x00000000eb570000, 0x00000000fa000000)
  object space 54720K, 80% used [0x00000000e8000000,0x00000000eaafdee0,0x00000000eb570000)
 PSPermGen       total 60928K, used 58124K [0x00000000e0000000, 0x00000000e3b80000, 0x00000000e8000000)
  object space 60928K, 95% used [0x00000000e0000000,0x00000000e38c3190,0x00000000e3b80000)
GC Heap History (10 events):
Event: 18.866 GC heap before
{Heap before GC invocations=29 (full 1):
 PSYoungGen      total 69952K, used 69943K [0x00000000fa000000, 0x00000000ffd30000, 0x0000000100000000)
  eden space 61632K, 100% used [0x00000000fa000000,0x00000000fdc30000,0x00000000fdc30000)
  from space 8320K, 99% used [0x00000000fdc30000,0x00000000fe44dfe8,0x00000000fe450000)
  to   space 16896K, 0% used [0x00000000fecb0000,0x00000000fecb0000,0x00000000ffd30000)
 ParOldGen       total 54720K, used 43417K [0x00000000e8000000, 0x00000000eb570000, 0x00000000fa000000)
  object space 54720K, 79% used [0x00000000e8000000,0x00000000eaa664a8,0x00000000eb570000)
 PSPermGen       total 60928K, used 54276K [0x00000000e0000000, 0x00000000e3b80000, 0x00000000e8000000)
  object space 60928K, 89% used [0x00000000e0000000,0x00000000e35011c0,0x00000000e3b80000)
Event: 18.874 GC heap after
Heap after GC invocations=29 (full 1):
 PSYoungGen      total 79360K, used 8359K [0x00000000fa000000, 0x0000000100000000, 0x0000000100000000)
  eden space 62464K, 0% used [0x00000000fa000000,0x00000000fa000000,0x00000000fdd00000)
  from space 16896K, 49% used [0x00000000fecb0000,0x00000000ff4d9fd8,0x00000000ffd30000)
  to   space 16064K, 0% used [0x00000000fdd00000,0x00000000fdd00000,0x00000000fecb0000)
 ParOldGen       total 54720K, used 43425K [0x00000000e8000000, 0x00000000eb570000, 0x00000000fa000000)
  object space 54720K, 79% used [0x00000000e8000000,0x00000000eaa684a8,0x00000000eb570000)
 PSPermGen       total 60928K, used 54276K [0x00000000e0000000, 0x00000000e3b80000, 0x00000000e8000000)
  object space 60928K, 89% used [0x00000000e0000000,0x00000000e35011c0,0x00000000e3b80000)
}
Event: 20.541 GC heap before
{Heap before GC invocations=30 (full 1):
 PSYoungGen      total 79360K, used 70823K [0x00000000fa000000, 0x0000000100000000, 0x0000000100000000)
  eden space 62464K, 100% used [0x00000000fa000000,0x00000000fdd00000,0x00000000fdd00000)
  from space 16896K, 49% used [0x00000000fecb0000,0x00000000ff4d9fd8,0x00000000ffd30000)
  to   space 16064K, 0% used [0x00000000fdd00000,0x00000000fdd00000,0x00000000fecb0000)
 ParOldGen       total 54720K, used 43425K [0x00000000e8000000, 0x00000000eb570000, 0x00000000fa000000)
  object space 54720K, 79% used [0x00000000e8000000,0x00000000eaa684a8,0x00000000eb570000)
 PSPermGen       total 60928K, used 56646K [0x00000000e0000000, 0x00000000e3b80000, 0x00000000e8000000)
  object space 60928K, 92% used [0x00000000e0000000,0x00000000e3751a28,0x00000000e3b80000)
Event: 20.550 GC heap after
Heap after GC invocations=30 (full 1):
 PSYoungGen      total 78528K, used 9346K [0x00000000fa000000, 0x00000000ffe70000, 0x0000000100000000)
  eden space 62464K, 0% used [0x00000000fa000000,0x00000000fa000000,0x00000000fdd00000)
  from space 16064K, 58% used [0x00000000fdd00000,0x00000000fe620800,0x00000000fecb0000)
  to   space 15680K, 0% used [0x00000000fef20000,0x00000000fef20000,0x00000000ffe70000)
 ParOldGen       total 54720K, used 44015K [0x00000000e8000000, 0x00000000eb570000, 0x00000000fa000000)
  object space 54720K, 80% used [0x00000000e8000000,0x00000000eaafbee0,0x00000000eb570000)
 PSPermGen       total 60928K, used 56646K [0x00000000e0000000, 0x00000000e3b80000, 0x00000000e8000000)
  object space 60928K, 92% used [0x00000000e0000000,0x00000000e3751a28,0x00000000e3b80000)
}
Event: 20.850 GC heap before
{Heap before GC invocations=31 (full 1):
 PSYoungGen      total 78528K, used 71810K [0x00000000fa000000, 0x00000000ffe70000, 0x0000000100000000)
  eden space 62464K, 100% used [0x00000000fa000000,0x00000000fdd00000,0x00000000fdd00000)
  from space 16064K, 58% used [0x00000000fdd00000,0x00000000fe620800,0x00000000fecb0000)
  to   space 15680K, 0% used [0x00000000fef20000,0x00000000fef20000,0x00000000ffe70000)
 ParOldGen       total 54720K, used 44015K [0x00000000e8000000, 0x00000000eb570000, 0x00000000fa000000)
  object space 54720K, 80% used [0x00000000e8000000,0x00000000eaafbee0,0x00000000eb570000)
 PSPermGen       total 60928K, used 56890K [0x00000000e0000000, 0x00000000e3b80000, 0x00000000e8000000)
  object space 60928K, 93% used [0x00000000e0000000,0x00000000e378eb68,0x00000000e3b80000)
Event: 20.858 GC heap after
Heap after GC invocations=31 (full 1):
 PSYoungGen      total 81536K, used 8152K [0x00000000fa000000, 0x00000000ffe40000, 0x0000000100000000)
  eden space 66048K, 0% used [0x00000000fa000000,0x00000000fa000000,0x00000000fe080000)
  from space 15488K, 52% used [0x00000000fef20000,0x00000000ff716040,0x00000000ffe40000)
  to   space 14976K, 0% used [0x00000000fe080000,0x00000000fe080000,0x00000000fef20000)
 ParOldGen       total 54720K, used 44015K [0x00000000e8000000, 0x00000000eb570000, 0x00000000fa000000)
  object space 54720K, 80% used [0x00000000e8000000,0x00000000eaafbee0,0x00000000eb570000)
 PSPermGen       total 60928K, used 56890K [0x00000000e0000000, 0x00000000e3b80000, 0x00000000e8000000)
  object space 60928K, 93% used [0x00000000e0000000,0x00000000e378eb68,0x00000000e3b80000)
}
Event: 28.332 GC heap before
{Heap before GC invocations=32 (full 1):
 PSYoungGen      total 81536K, used 74200K [0x00000000fa000000, 0x00000000ffe40000, 0x0000000100000000)
  eden space 66048K, 100% used [0x00000000fa000000,0x00000000fe080000,0x00000000fe080000)
  from space 15488K, 52% used [0x00000000fef20000,0x00000000ff716040,0x00000000ffe40000)
  to   space 14976K, 0% used [0x00000000fe080000,0x00000000fe080000,0x00000000fef20000)
 ParOldGen       total 54720K, used 44015K [0x00000000e8000000, 0x00000000eb570000, 0x00000000fa000000)
  object space 54720K, 80% used [0x00000000e8000000,0x00000000eaafbee0,0x00000000eb570000)
 PSPermGen       total 60928K, used 57452K [0x00000000e0000000, 0x00000000e3b80000, 0x00000000e8000000)
  object space 60928K, 94% used [0x00000000e0000000,0x00000000e381b1a0,0x00000000e3b80000)
Event: 28.342 GC heap after
Heap after GC invocations=32 (full 1):
 PSYoungGen      total 81024K, used 9909K [0x00000000fa000000, 0x00000000fff60000, 0x0000000100000000)
  eden space 66048K, 0% used [0x00000000fa000000,0x00000000fa000000,0x00000000fe080000)
  from space 14976K, 66% used [0x00000000fe080000,0x00000000fea2d558,0x00000000fef20000)
  to   space 14912K, 0% used [0x00000000ff0d0000,0x00000000ff0d0000,0x00000000fff60000)
 ParOldGen       total 54720K, used 44015K [0x00000000e8000000, 0x00000000eb570000, 0x00000000fa000000)
  object space 54720K, 80% used [0x00000000e8000000,0x00000000eaafbee0,0x00000000eb570000)
 PSPermGen       total 60928K, used 57452K [0x00000000e0000000, 0x00000000e3b80000, 0x00000000e8000000)
  object space 60928K, 94% used [0x00000000e0000000,0x00000000e381b1a0,0x00000000e3b80000)
}
Event: 40.010 GC heap before
{Heap before GC invocations=33 (full 1):
 PSYoungGen      total 81024K, used 75957K [0x00000000fa000000, 0x00000000fff60000, 0x0000000100000000)
  eden space 66048K, 100% used [0x00000000fa000000,0x00000000fe080000,0x00000000fe080000)
  from space 14976K, 66% used [0x00000000fe080000,0x00000000fea2d558,0x00000000fef20000)
  to   space 14912K, 0% used [0x00000000ff0d0000,0x00000000ff0d0000,0x00000000fff60000)
 ParOldGen       total 54720K, used 44015K [0x00000000e8000000, 0x00000000eb570000, 0x00000000fa000000)
  object space 54720K, 80% used [0x00000000e8000000,0x00000000eaafbee0,0x00000000eb570000)
 PSPermGen       total 60928K, used 58027K [0x00000000e0000000, 0x00000000e3b80000, 0x00000000e8000000)
  object space 60928K, 95% used [0x00000000e0000000,0x00000000e38aaf18,0x00000000e3b80000)
Event: 40.021 GC heap after
Heap after GC invocations=33 (full 1):
 PSYoungGen      total 82688K, used 10408K [0x00000000fa000000, 0x0000000100000000, 0x0000000100000000)
  eden space 67776K, 0% used [0x00000000fa000000,0x00000000fa000000,0x00000000fe230000)
  from space 14912K, 69% used [0x00000000ff0d0000,0x00000000ffafa000,0x00000000fff60000)
  to   space 14976K, 0% used [0x00000000fe230000,0x00000000fe230000,0x00000000ff0d0000)
 ParOldGen       total 54720K, used 44023K [0x00000000e8000000, 0x00000000eb570000, 0x00000000fa000000)
  object space 54720K, 80% used [0x00000000e8000000,0x00000000eaafdee0,0x00000000eb570000)
 PSPermGen       total 60928K, used 58027K [0x00000000e0000000, 0x00000000e3b80000, 0x00000000e8000000)
  object space 60928K, 95% used [0x00000000e0000000,0x00000000e38aaf18,0x00000000e3b80000)
}

